   0.00000000       0.0000000000000000       -2.1322041451933560E-003   4.2644082903867120E-003   4.2644082903867120E-003
   0.00000000       4.2644082903867120E-003   2.1322041451933560E-003   4.2644082903867120E-003   4.2741998842852069E-003
   0.00000000       8.5483997685704138E-003   6.4064040294785629E-003   4.2839914781837019E-003   4.2937428394853316E-003
   0.00000000       1.2851893969357375E-002   1.0700146868963895E-002   4.3034942007869614E-003   4.3132039828057966E-003
   0.00000000       1.7174807734182007E-002   1.5013350851769691E-002   4.3229137648246319E-003   4.3325810214394078E-003
   0.00000000       2.1517056012236191E-002   1.9345931873209099E-002   4.3422482780541838E-003   4.3518700322282833E-003
   0.00000000       2.5878547798638574E-002   2.3697801905437382E-002   4.3614917864023828E-003   4.3710695188955706E-003
   0.00000000       3.0259195050027332E-002   2.8068871424332953E-002   4.3806472513887584E-003   4.3901763418646156E-003
   0.00000000       3.4658900482367805E-002   3.2459047766197568E-002   4.3997054323404727E-003   4.4091886094512756E-003
   0.00000000       3.9077572268929883E-002   3.6868236375648844E-002   4.4186717865620784E-003   4.4281019242141395E-003
   0.00000000       4.3515104330796084E-002   4.1296338299862984E-002   4.4375320618662006E-003   4.4469127219928517E-003
   0.00000000       4.7971397712915587E-002   4.5743251021855835E-002   4.4562933821195028E-003   4.4656215470001148E-003
   0.00000000       5.2446347424796314E-002   5.0208872568855950E-002   4.4749497118807269E-003   4.4842240043698467E-003
   0.00000000       5.6939845721655280E-002   5.4693096573225797E-002   4.4934982968589665E-003   4.5027190224462832E-003
   0.00000000       6.1451785469688880E-002   5.9195815595672080E-002   4.5119397480335999E-003   4.5211021718346012E-003
   0.00000000       6.5982050065324482E-002   6.3716917767506681E-002   4.5302645956356025E-003   4.5393656116681502E-003
   0.00000000       7.0530516693025180E-002   6.8256283379174831E-002   4.5484666277006980E-003   4.5575150280754428E-003
   0.00000000       7.5097080121475368E-002   7.2813798407250274E-002   4.5665634284501877E-003   4.5755476718038479E-003
   0.00000000       7.9681612036632876E-002   7.7389346079054122E-002   4.5845319151575081E-003   4.5934505668105974E-003
   0.00000000       8.4283981255096563E-002   8.1982796645864719E-002   4.6023692184636866E-003   4.6112311917812510E-003
   0.00000000       8.8904074420195378E-002   8.6594027837645970E-002   4.6200931650988153E-003   4.6288833383286154E-003
   0.00000000       9.3541747931753794E-002   9.1222911175974586E-002   4.6376735115584156E-003   4.6464043018840384E-003
   0.00000000       9.8196883023963455E-002   9.5869315477858624E-002   4.6551350922096613E-003   4.6637947641351707E-003
   0.00000000      0.10286933746002414       0.10053311024199379        4.6724544360606801E-003   4.6810415643626091E-003
   0.00000000      0.10755896615268867       0.10521415180635640        4.6896286926645381E-003   4.6981523950665460E-003
   0.00000000      0.11226564225015723       0.10991230420142295        4.7066760974685540E-003   4.7151210048025083E-003
   0.00000000      0.11698920816229369       0.11462742520622546        4.7235659121364626E-003   4.7319482502874710E-003
   0.00000000      0.12172953875073217       0.11935937345651293        4.7403305884384794E-003   4.7486242933665324E-003
   0.00000000      0.12648645674902675       0.12410799774987946        4.7569179982945853E-003   4.7651428929040007E-003
   0.00000000      0.13125982453654017       0.12887314064278346        4.7733677875134162E-003   4.7815226189754645E-003
   0.00000000      0.13604950198697768       0.13365466326175893        4.7896774504375128E-003   4.7977394494250480E-003
   0.00000000      0.14085530343539027       0.13845240271118398        4.8058014484125833E-003   4.8137906746341108E-003
   0.00000000      0.14567708333624590       0.14326619338581809        4.8217799008556383E-003   4.8296951158288692E-003
   0.00000000      0.15051469366704801       0.14809588850164696        4.8376103308021001E-003   4.8454285697356880E-003
   0.00000000      0.15536794047571728       0.15294131707138264        4.8532468086692759E-003   4.8609883656882125E-003
   0.00000000      0.16023667039842443       0.15780230543707086        4.8687299227071490E-003   4.8763935774620848E-003
   0.00000000      0.16512072763064145       0.16267869901453294        4.8840572322170206E-003   4.8916198350556217E-003
   0.00000000      0.17001991006853567       0.16757031884958856        4.8991824378942228E-003   4.9066645146851884E-003
   0.00000000      0.17493405666001183       0.17247698336427375        4.9141465914761540E-003   4.9215395882078183E-003
   0.00000000      0.17986298924495131       0.17739852295248157        4.9289325849394827E-003   4.9362426005064852E-003
   0.00000000      0.18480654186102480       0.18233476555298805        4.9435526160734877E-003   4.9507562714227737E-003
   0.00000000      0.18976450178779686       0.18728552182441083        4.9579599267720598E-003   4.9650780520900939E-003
   0.00000000      0.19473669796520499       0.19225059987650092        4.9721961774081280E-003   4.9792276095368959E-003
   0.00000000      0.19972295700687065       0.19722982748603782        4.9862590416656638E-003   4.9931802427168326E-003
   0.00000000      0.20472305845063865       0.20222300772875465        5.0001014437680014E-003   5.0069334682542876E-003
   0.00000000      0.20973682394337922       0.20722994119700894        5.0137654927405739E-003   5.0205072083991664E-003
   0.00000000      0.21476407286743698       0.21225044840540810        5.0272489240577589E-003   5.0338766458069284E-003
   0.00000000      0.21980457723499308       0.21728432505121503        5.0405043675560979E-003   5.0470393705188410E-003
   0.00000000      0.22485815160847467       0.22233136442173387        5.0535743734815841E-003   5.0600155600868946E-003
   0.00000000      0.22992460835516687       0.22739137998182077        5.0664567466922050E-003   5.0727802965599145E-003
   0.00000000      0.23500371220159449       0.23246416027838068        5.0791038464276239E-003   5.0853312512334214E-003
   0.00000000      0.24009527085763371       0.23754949152961410        5.0915586560392190E-003   5.0976812423658424E-003
   0.00000000      0.24519907468632618       0.24264717277197995        5.1038038286924658E-003   5.1098204780634648E-003
   0.00000000      0.25031491181376064       0.24775699325004341        5.1158371274344638E-003   5.1217620356956428E-003
   0.00000000      0.25544259875771747       0.25287875528573905        5.1276869439568218E-003   5.1334731608503603E-003
   0.00000000      0.26058185813546136       0.25801222844658944        5.1392593777438988E-003   5.1449516598374712E-003
   0.00000000      0.26573250207739241       0.26315718010642691        5.1506439419310435E-003   5.1562259703200608E-003
   0.00000000      0.27089431007610149       0.26831340607674697        5.1618079987090781E-003   5.1672787355461214E-003
   0.00000000      0.27606705954848465       0.27348068481229310        5.1727494723831646E-003   5.1781078971598060E-003
   0.00000000      0.28125052587042110       0.27865879270945293        5.1834663219364474E-003   5.1887269264941360E-003
   0.00000000      0.28644451340147292       0.28384751963594707        5.1939875310518246E-003   5.1991028771267989E-003
   0.00000000      0.29164873162467470       0.28904662251307389        5.2042182232017731E-003   5.2092337673269595E-003
   0.00000000      0.29686298093612684       0.29425585628040085        5.2142493114521460E-003   5.2191486426697020E-003
   0.00000000      0.30208702891001410       0.29947500492307055        5.2240479738872581E-003   5.2288301641875701E-003
   0.00000000      0.30732064126450198       0.30470383508725812        5.2336123544878821E-003   5.2382764954821692E-003
   0.00000000      0.31256358190097844       0.30994211158274032        5.2429406364764564E-003   5.2475015053524698E-003
   0.00000000      0.31781564427520692       0.31518961308809279        5.2520623742284833E-003   5.2564721321444741E-003
   0.00000000      0.32307652616526739       0.32044608522023726        5.2608818900604648E-003   5.2651866336498598E-003
   0.00000000      0.32834601754250664       0.32571127185388715        5.2694913772392549E-003   5.2736746412673230E-003
   0.00000000      0.33362387544780203       0.33098494649515448        5.2778579052953911E-003   5.2819188847391674E-003
   0.00000000      0.33890985531198498       0.33626686537989364        5.2859798641829436E-003   5.2899177756952909E-003
   0.00000000      0.34420371099919261       0.34155678315558891        5.2938556872076381E-003   5.2976855802220058E-003
   0.00000000      0.34950522647242899       0.34685446873581094        5.3015154732363734E-003   5.3051891979548349E-003
   0.00000000      0.35481408939510228       0.35215965793376580        5.3088629226732964E-003   5.3124271510233689E-003
   0.00000000      0.36013008077447572       0.35747208508478917        5.3159913793734415E-003   5.3194296293752608E-003
   0.00000000      0.36545294865385280       0.36279151471416443        5.3228678793770801E-003   5.3261794806542528E-003
   0.00000000      0.37078243973578423       0.36811769419481866        5.3294910819314256E-003   5.3326753875616584E-003
   0.00000000      0.37611829942897612       0.37345036958238031        5.3358596931918911E-003   5.3389160799730828E-003
   0.00000000      0.38146027189573040       0.37878928566235337        5.3419724667542745E-003   5.3449162817167106E-003
   0.00000000      0.38680813199240954       0.38413420194407011        5.3478600966791467E-003   5.3506429423552937E-003
   0.00000000      0.39216155778044098       0.38948484488642543        5.3534257880314406E-003   5.3560949192833496E-003
   0.00000000      0.39752032183097624       0.39484093980570878        5.3587640505352585E-003   5.3613030123323413E-003
   0.00000000      0.40288416380510567       0.40020224281804112        5.3638419741294241E-003   5.3662502655400235E-003
   0.00000000      0.40825282236205629       0.40556849308358112        5.3686585569506229E-003   5.3709357021633208E-003
   0.00000000      0.41362603520943231       0.41093942878574441        5.3732128473760188E-003   5.3753744282567517E-003
   0.00000000      0.41900357121856979       0.41631480321400116        5.3775360091374846E-003   5.3795335152351520E-003
   0.00000000      0.42438510223990261       0.42169433672923629        5.3815310213328194E-003   5.3834121264184076E-003
   0.00000000      0.42977039547140661       0.42707774885565469        5.3852932315039959E-003   5.3870415421707896E-003
   0.00000000      0.43515918532424419       0.43246479039782548        5.3887898528375833E-003   5.3904050216525834E-003
   0.00000000      0.44055120551471177       0.43785519541947804        5.3920201904675835E-003   5.3935018961550618E-003
   0.00000000      0.44594618911655431       0.44324869731563310        5.3949836018425401E-003   5.3963476395245680E-003
   0.00000000      0.45134390079376091       0.44864504495515767        5.3977116772065958E-003   5.3989095148390120E-003
   0.00000000      0.45674400814623234       0.45404395446999668        5.4001073524714283E-003   5.4011870038623566E-003
   0.00000000      0.46214627480148562       0.45944514147385906        5.4022666552532850E-003   5.4032118225325609E-003
   0.00000000      0.46755043179129746       0.46484835329639163        5.4041569898118369E-003   5.4049674843036077E-003
   0.00000000      0.47295620977009284       0.47025332078069526        5.4057779787953786E-003   5.4064536386285444E-003
   0.00000000      0.47836333906855455       0.47565977441932383        5.4071292984617103E-003   5.4076861077206329E-003
   0.00000000      0.48377158198553410       0.48106746052704447        5.4082429169795554E-003   5.4086324123654439E-003
   0.00000000      0.48918060389328544       0.48647609293940991        5.4090219077513324E-003   5.4092923605846277E-003
   0.00000000      0.49459016670670336       0.49188538529999454        5.4095628134179230E-003   5.4096980533572814E-003
   0.00000000      0.50000000000000000       0.49729508335335182        5.4098332932966398E-003   5.4098332932966675E-003
   0.00000000      0.50540983329329670       0.50270491664664851        5.4098332932966953E-003   5.4096980533572814E-003
   0.00000000      0.51081939610671456       0.50811461470000574        5.4095628134178675E-003   5.4092923605845722E-003
   0.00000000      0.51622841801446584       0.51352390706059037        5.4090219077512769E-003   5.4086162961035078E-003
   0.00000000      0.52163662869892158       0.51893252335669393        5.4082106844557387E-003   5.4076699950837970E-003
   0.00000000      0.52704375800463343       0.52434019335177773        5.4071293057118552E-003   5.4064536466829072E-003
   0.00000000      0.53244953599228739       0.52974664699846064        5.4057779876539591E-003   5.4049996999155914E-003
   0.00000000      0.53785375740446462       0.53515164669837623        5.4042214121772236E-003   5.4032440276806093E-003
   0.00000000      0.54325602404764861       0.54055489072605689        5.4022666431839950E-003   5.4011869909920684E-003
   0.00000000      0.54865613138644875       0.54595607771704890        5.4001073388001419E-003   5.3988934178985648E-003
   0.00000000      0.55405381088344574       0.55135497113494747        5.3976794969969877E-003   5.3963315494197084E-003
   0.00000000      0.55944879448528817       0.55675130268436712        5.3949836018424291E-003   5.3935018961550063E-003
   0.00000000      0.56484081467575575       0.56214480458052218        5.3920201904675835E-003   5.3904050216526112E-003
   0.00000000      0.57022960452859339       0.56753520960217485        5.3887898528376388E-003   5.3870415421708451E-003
   0.00000000      0.57561489776009744       0.57292225114434570        5.3852932315040514E-003   5.3834121264184076E-003
   0.00000000      0.58099642878143021       0.57830566327076416        5.3815310213327638E-003   5.3795174952724900E-003
   0.00000000      0.58637393275064242       0.58368518076603659        5.3775039692122162E-003   5.3753584214751848E-003
   0.00000000      0.59174714562438058       0.58906053918751178        5.3732128737381535E-003   5.3709357293085791E-003
   0.00000000      0.59711580420925958       0.59443147491682036        5.3686585848790047E-003   5.3662822503944274E-003
   0.00000000      0.60247971012516943       0.59979775716721484        5.3639059159098501E-003   5.3613349677006927E-003
   0.00000000      0.60783847414466097       0.60515909213491548        5.3587640194915354E-003   5.3560948874653014E-003
   0.00000000      0.61319189990010003       0.61051518702238083        5.3534257554390674E-003   5.3506269798043182E-003
   0.00000000      0.61853972810426960       0.61586581400218510        5.3478282041695691E-003   5.3449003354619218E-003
   0.00000000      0.62388170057102388       0.62121071433764707        5.3419724667542745E-003   5.3389160799731106E-003
   0.00000000      0.62921756026421582       0.62654963041762013        5.3358596931919466E-003   5.3326753875616584E-003
   0.00000000      0.63454705134614720       0.63188230580518179        5.3294910819313701E-003   5.3261794806542251E-003
   0.00000000      0.63986991922552428       0.63720848528583596        5.3228678793770801E-003   5.3194296293752608E-003
   0.00000000      0.64518591060489772       0.64252791491521122        5.3159913793734415E-003   5.3124271510233689E-003
   0.00000000      0.65049477352757101       0.64784034206623464        5.3088629226732964E-003   5.3051734095300729E-003
   0.00000000      0.65579625742395786       0.65314551547576472        5.3014838963868494E-003   5.2976698149007628E-003
   0.00000000      0.66109011315737254       0.65844318529066548        5.2938557334146763E-003   5.2899178226381571E-003
   0.00000000      0.66637609306923418       0.66373310311330358        5.2859799118616380E-003   5.2819503669715995E-003
   0.00000000      0.67165401389131574       0.66901505348027523        5.2779208220815610E-003   5.2737060743632824E-003
   0.00000000      0.67692350521796074       0.67428875955463852        5.2694913266450039E-003   5.2651865823341026E-003
   0.00000000      0.68218438705598394       0.67955394613697262        5.2608818380232014E-003   5.2564564405304104E-003
   0.00000000      0.68743641809902156       0.68481040257750303        5.2520310430376194E-003   5.2474858397570379E-003
   0.00000000      0.69267935873549802       0.69005788841726012        5.2429406364764564E-003   5.2382764954821415E-003
   0.00000000      0.69791297108998585       0.69529616491274226        5.2336123544878266E-003   5.2288301641875701E-003
   0.00000000      0.70313701906387316       0.70052499507692989        5.2240479738873136E-003   5.2191486426697020E-003
   0.00000000      0.70835126837532525       0.70574414371959959        5.2142493114520905E-003   5.2092337673269595E-003
   0.00000000      0.71355548659852708       0.71095337748692655        5.2042182232018286E-003   5.1990874134338338E-003
   0.00000000      0.71874944320219292       0.71615246490036033        5.1939566036658391E-003   5.1887114944031976E-003
   0.00000000      0.72393290958733347       0.72134117639476347        5.1834663851405560E-003   5.1781079610362934E-003
   0.00000000      0.72910565912426550       0.72651928435579971        5.1727495369320309E-003   5.1673095345125541E-003
   0.00000000      0.73426752865635858       0.73168659389031232        5.1618695320930774E-003   5.1562567034109108E-003
   0.00000000      0.73941817253108733       0.73684285059372323        5.1506438747287442E-003   5.1449515919811395E-003
   0.00000000      0.74455743184032086       0.74198780218570437        5.1392593092335348E-003   5.1334578275760157E-003
   0.00000000      0.74968508818623936       0.74712126001328039        5.1276563459184965E-003   5.1217467366764802E-003
   0.00000000      0.75480092531367382       0.75224300674995681        5.1158371274344638E-003   5.1098204780634648E-003
   0.00000000      0.75990472914236629       0.75735282722802033        5.1038038286924658E-003   5.0976812423658702E-003
   0.00000000      0.76499628779840556       0.76245050847038620        5.0915586560392745E-003   5.0853312512333937E-003
   0.00000000      0.77007539164483307       0.76753583972161965        5.0791038464275129E-003   5.0727727565025305E-003
   0.00000000      0.77514183331141062       0.77260861247812218        5.0664416665775480E-003   5.0600080393549129E-003
   0.00000000      0.78019540772354290       0.77766862051747709        5.0535744121322779E-003   5.0470394094699333E-003
   0.00000000      0.78523591213035049       0.78271565992694703        5.0405044068075888E-003   5.0338692041717037E-003
   0.00000000      0.79026314613188631       0.78774952913111873        5.0272340015358186E-003   5.0204997875699653E-003
   0.00000000      0.79527691170549042       0.79277002891868875        5.0137655736041120E-003   5.0069633115454870E-003
   0.00000000      0.80027707275497728       0.79777699223023424        5.0001610494868620E-003   4.9932025843226202E-003
   0.00000000      0.80526331687413566       0.80277019481455691        4.9862441191583784E-003   4.9792201272091940E-003
   0.00000000      0.81023551300939567       0.80774941494176611        4.9721961352600097E-003   4.9650780096633929E-003
   0.00000000      0.81519347289346245       0.81271449295142950        4.9579598840667760E-003   4.9507488728265381E-003
   0.00000000      0.82013701075504875       0.81766524182425604        4.9435378615863002E-003   4.9362352232628637E-003
   0.00000000      0.82506594333998817       0.82260147704751896        4.9289325849394272E-003   4.9215395882077906E-003
   0.00000000      0.82998008993146433       0.82752301663572680        4.9141465914761540E-003   4.9066645146851884E-003
   0.00000000      0.83487927236935855       0.83242968115041194        4.8991824378942228E-003   4.8916125686241929E-003
   0.00000000      0.83976331506871271       0.83732129371903619        4.8840426993541630E-003   4.8763863339760793E-003
   0.00000000      0.84463204503731071       0.84219768005301221        4.8687299685979957E-003   4.8609884118309132E-003
   0.00000000      0.84948529189237454       0.84705866846484312        4.8532468550638308E-003   4.8454214195348677E-003
   0.00000000      0.85432288787638044       0.85190408988437794        4.8375959840059046E-003   4.8297166824253779E-003
   0.00000000      0.85914472525722529       0.85673380656680331        4.8218373808448511E-003   4.8138193667696672E-003
   0.00000000      0.86395052660991978       0.86154762593357304        4.8058013526944832E-003   4.7977322281760326E-003
   0.00000000      0.86874018971357736       0.86634535816174907        4.7896631036575821E-003   4.7815154211877098E-003
   0.00000000      0.87351355745229520       0.87112687358293672        4.7733677387178375E-003   4.7651428438804100E-003
   0.00000000      0.87827047540133818       0.87589201642681713        4.7569179490429825E-003   4.7486171927055842E-003
   0.00000000      0.88301079183770637       0.88064063361952272        4.7403164363681860E-003   4.7319411742522965E-003
   0.00000000      0.88773435774984277       0.88537257479377507        4.7235659121364071E-003   4.7151175043878002E-003
   0.00000000      0.89244102684648197       0.89008769229816287        4.7066690966391933E-003   4.6981489074007787E-003
   0.00000000      0.89713065556464433       0.89478584120556359        4.6896287181623642E-003   4.6810381151511926E-003
   0.00000000      0.90180310307678435       0.89946687932071478        4.6724475121400211E-003   4.6637878662258991E-003
   0.00000000      0.90645823129709613       0.90413066718694068        4.6551282203117772E-003   4.6464009050984911E-003
   0.00000000      0.91109590488698133       0.90877706809203918        4.6376735898852051E-003   4.6288799812970183E-003
   0.00000000      0.91571599125969017       0.91340594807333619        4.6200863727088315E-003   4.6112552278075869E-003
   0.00000000      0.92031841534259651       0.91801720330114378        4.6024240829063423E-003   4.5934745366034702E-003
   0.00000000      0.92490294033289711       0.92261067783774720        4.5845249903005980E-003   4.5755407734469067E-003
   0.00000000      0.92946949688949032       0.92718621861119410        4.5665565565932154E-003   4.5575115651016462E-003
   0.00000000      0.93401796346310040       0.93174373017629575        4.5484665736100771E-003   4.5393621889063818E-003
   0.00000000      0.93854822126730308       0.93628309236520213        4.5302578042026864E-003   4.5210954076221888E-003
   0.00000000      0.94306015427834478       0.94080418777282437        4.5119330110416911E-003   4.5027139834395991E-003
   0.00000000      0.94755364923418228       0.94530690175626397        4.4934949558375070E-003   4.4842206772085502E-003
   0.00000000      0.95202859563276188       0.94979112243347252        4.4749463985795934E-003   4.4656182476782158E-003
   0.00000000      0.95648488572953871       0.95425674068115074        4.4562900967768382E-003   4.4469094507441076E-003
   0.00000000      0.96092241453425009       0.95870365013189485        4.4375288047113770E-003   4.4280970387071683E-003
   0.00000000      0.96534107980695305       0.96313174717060202        4.4186652727029596E-003   4.4091837595424677E-003
   0.00000000      0.96974078205333503       0.96754093093014448        4.3997022463819757E-003   4.3901984098745905E-003
   0.00000000      0.97412147662670223       0.97193112934001902        4.3806945733672054E-003   4.3710915050373389E-003
   0.00000000      0.97848296506340970       0.97630222084505636        4.3614884367074724E-003   4.3518658896453677E-003
   0.00000000      0.98282520840599297       0.98065408673470178        4.3422433425832629E-003   4.3325765091125623E-003
   0.00000000      0.98714811808163483       0.98498666324381434        4.3229096756418617E-003   4.3131999115907371E-003
   0.00000000      0.99145160822917444       0.98929986315540508        4.3034901475396126E-003   4.2937388043248204E-003
   0.00000000      0.99573559569028447       0.99359360195972990        4.2839874611100281E-003   4.2741958854127793E-003
   0.00000000       1.0000000000000000       0.99786779784514268        4.2644043097155304E-003   4.2644043097155304E-003
   0.00000000       1.0042644043097155        1.0021322021548582        4.2644043097155304E-003   4.2644043097155304E-003
